2011-11-07 16:57:02,965 [main] INFO  [foo.BaseFunctionalTestCase] - get data source
2011-11-07 16:57:02,965 [main] INFO  [foo.BaseFunctionalTestCase] - load default data.
2011-11-07 16:57:04,247 [main] INFO  [foo.BaseFunctionalTestCase] - create WebDriver.
2011-11-07 16:57:05,341 [main] INFO  [foo.DemoTest] - AIA Australia
2011-11-07 16:57:05,341 [main] INFO  [foo.BaseFunctionalTestCase] - stop WebDriver
2011-11-07 16:57:05,341 [main] INFO  [foo.BaseFunctionalTestCase] - clean default data.
2011-11-07 17:00:14,513 [main] INFO  [foo.BaseFunctionalTestCase] - get data source
2011-11-07 17:00:14,513 [main] INFO  [foo.BaseFunctionalTestCase] - load default data.
2011-11-07 17:00:15,811 [main] INFO  [foo.BaseFunctionalTestCase] - create WebDriver.
2011-11-07 17:00:16,498 [main] INFO  [foo.BaseFunctionalTestCase] - stop WebDriver
2011-11-07 17:00:16,498 [main] INFO  [foo.BaseFunctionalTestCase] - clean default data.
2011-11-07 17:03:43,513 [main] INFO  [foo.BaseFunctionalTestCase] - get data source
2011-11-07 17:03:43,513 [main] INFO  [foo.BaseFunctionalTestCase] - load default data.
2011-11-07 17:03:45,076 [main] INFO  [foo.BaseFunctionalTestCase] - create WebDriver.
2011-11-07 17:03:45,873 [main] INFO  [foo.DemoTest] - Apache Tomcat/6.0.33 - Error report
2011-11-07 17:03:45,873 [main] INFO  [foo.BaseFunctionalTestCase] - stop WebDriver
2011-11-07 17:03:45,873 [main] INFO  [foo.BaseFunctionalTestCase] - clean default data.
2011-11-07 17:14:14,991 [main] INFO  [foo.BaseFunctionalTestCase] - get data source
2011-11-07 17:14:14,991 [main] INFO  [foo.BaseFunctionalTestCase] - load default data.
2011-11-07 17:14:16,239 [main] INFO  [foo.BaseFunctionalTestCase] - create WebDriver.
2011-11-07 17:14:17,004 [main] INFO  [foo.DemoTest] - Apache Tomcat/6.0.33 - Error report
2011-11-07 17:14:17,004 [main] INFO  [foo.BaseFunctionalTestCase] - stop WebDriver
2011-11-07 17:14:17,004 [main] INFO  [foo.BaseFunctionalTestCase] - clean default data.
2011-11-07 17:35:47,970 [main] INFO  [foo.BaseFunctionalTestCase] - get data source
2011-11-07 17:35:47,970 [main] INFO  [foo.BaseFunctionalTestCase] - load default data.
2011-11-07 17:35:49,221 [main] INFO  [foo.BaseFunctionalTestCase] - create WebDriver.
2011-11-07 17:35:50,455 [main] INFO  [foo.BaseFunctionalTestCase] - stop WebDriver
2011-11-07 17:35:50,455 [main] INFO  [foo.BaseFunctionalTestCase] - clean default data.
2011-11-07 17:36:05,614 [main] INFO  [foo.BaseFunctionalTestCase] - get data source
2011-11-07 17:36:05,614 [main] INFO  [foo.BaseFunctionalTestCase] - load default data.
2011-11-07 17:36:06,895 [main] INFO  [foo.BaseFunctionalTestCase] - create WebDriver.
2011-11-07 17:36:08,114 [main] INFO  [foo.DemoTest] - AIA Pre-Claim
2011-11-07 17:36:08,130 [main] INFO  [foo.BaseFunctionalTestCase] - stop WebDriver
2011-11-07 17:36:08,130 [main] INFO  [foo.BaseFunctionalTestCase] - clean default data.
2011-11-07 17:38:34,621 [main] INFO  [foo.BaseFunctionalTestCase] - get data source
2011-11-07 17:38:34,621 [main] INFO  [foo.BaseFunctionalTestCase] - load default data.
2011-11-07 17:38:35,871 [main] INFO  [foo.BaseFunctionalTestCase] - create WebDriver.
2011-11-07 17:38:37,246 [main] INFO  [foo.DemoTest] - AIA Pre-Claim
2011-11-07 17:38:37,246 [main] INFO  [foo.BaseFunctionalTestCase] - stop WebDriver
2011-11-07 17:38:37,246 [main] INFO  [foo.BaseFunctionalTestCase] - clean default data.
2011-11-07 17:43:21,543 [main] INFO  [foo.BaseFunctionalTestCase] - get data source
2011-11-07 17:43:21,543 [main] INFO  [foo.BaseFunctionalTestCase] - load default data.
2011-11-07 17:43:22,762 [main] INFO  [foo.BaseFunctionalTestCase] - create WebDriver.
2011-11-07 17:43:24,528 [main] INFO  [foo.DemoTest] - AIA Pre-Claim
2011-11-07 17:43:24,528 [main] INFO  [foo.BaseFunctionalTestCase] - stop WebDriver
2011-11-07 17:43:24,544 [main] INFO  [foo.BaseFunctionalTestCase] - clean default data.
