2011-09-26 11:29:56,532 [main] WARN  [foo.aaaa] - aaa
2011-09-26 11:29:56,907 [main] WARN  [foo.aaaa] - 
java.io.FileNotFoundException: abc (The system cannot find the file specified)
	at java.io.FileInputStream.open(Native Method)
	at java.io.FileInputStream.<init>(Unknown Source)
	at foo.aaaa.main(aaaa.java:31)
2011-09-26 11:34:03,884 [main] WARN  [foo.aaaa] - aaa
2011-09-26 11:34:04,197 [main] WARN  [foo.aaaa] - 
java.io.FileNotFoundException: abc (The system cannot find the file specified)
	at java.io.FileInputStream.open(Native Method)
	at java.io.FileInputStream.<init>(Unknown Source)
	at foo.aaaa.main(aaaa.java:31)
2011-09-26 14:12:44,448 [main] INFO  [foo.PstReader] - last analyze time Fri Sep 23 14:03:04 CST 2011
2011-09-26 14:12:44,558 [main] INFO  [foo.PstReader] - add email:search
2011-09-26 14:12:44,573 [main] INFO  [foo.PstReader] - add email:FW: Outing final name list and price.
2011-09-26 14:12:44,589 [main] INFO  [foo.PstReader] - add email:RE: Outing final name list and price.
2011-09-26 14:12:44,605 [main] INFO  [foo.PstReader] - add email:FW: Outing will be start from this weekend~
2011-09-26 14:12:44,605 [main] INFO  [foo.PstReader] - Inbox total:7
2011-09-26 14:15:21,672 [main] INFO  [foo.PstReader] - last analyze time Fri Sep 23 14:03:04 CST 2011
2011-09-26 14:15:21,766 [main] INFO  [foo.PstReader] - add email:search
2011-09-26 14:15:21,782 [main] INFO  [foo.PstReader] - add email:FW: Outing final name list and price.
2011-09-26 14:15:21,797 [main] INFO  [foo.PstReader] - add email:RE: Outing final name list and price.
2011-09-26 14:15:21,813 [main] INFO  [foo.PstReader] - add email:FW: Outing will be start from this weekend~
2011-09-26 14:15:21,813 [main] INFO  [foo.PstReader] - Inbox total:7
2011-09-26 14:16:00,041 [main] INFO  [foo.PstReader] - last analyze time Fri Sep 23 14:03:04 CST 2011
2011-09-26 14:16:00,135 [main] INFO  [foo.PstReader] - add email:search
2011-09-26 14:16:00,151 [main] INFO  [foo.PstReader] - add email:FW: Outing final name list and price.
2011-09-26 14:16:00,166 [main] INFO  [foo.PstReader] - add email:RE: Outing final name list and price.
2011-09-26 14:16:00,182 [main] INFO  [foo.PstReader] - add email:FW: Outing will be start from this weekend~
2011-09-26 14:16:00,182 [main] INFO  [foo.PstReader] - Inbox total:7
2011-09-26 14:19:04,810 [main] INFO  [foo.PstReader] - last analyze time Fri Sep 23 14:03:04 CST 2011
2011-09-26 14:19:04,888 [main] INFO  [foo.PstReader] - add email:search
2011-09-26 14:19:04,904 [main] INFO  [foo.PstReader] - add email:FW: Outing final name list and price.
2011-09-26 14:19:04,920 [main] INFO  [foo.PstReader] - add email:RE: Outing final name list and price.
2011-09-26 14:19:04,920 [main] INFO  [foo.PstReader] - add email:FW: Outing will be start from this weekend~
2011-09-26 14:19:04,920 [main] INFO  [foo.PstReader] - Inbox total:7
2011-09-26 14:19:52,817 [main] INFO  [foo.PstReader] - last analyze time Fri Sep 23 14:03:04 CST 2011
2011-09-26 14:19:52,911 [main] INFO  [foo.PstReader] - add email:search
2011-09-26 14:19:52,911 [main] INFO  [foo.PstReader] - add email:FW: Outing final name list and price.
2011-09-26 14:19:52,926 [main] INFO  [foo.PstReader] - add email:RE: Outing final name list and price.
2011-09-26 14:19:52,942 [main] INFO  [foo.PstReader] - add email:FW: Outing will be start from this weekend~
2011-09-26 14:19:52,958 [main] INFO  [foo.PstReader] - add email:test
2011-09-26 14:19:52,958 [main] INFO  [foo.PstReader] - add email:test2
2011-09-26 14:19:52,973 [main] INFO  [foo.PstReader] - add email:test1
2011-09-26 14:19:52,989 [main] INFO  [foo.PstReader] - add email:165
2011-09-26 14:19:52,989 [main] INFO  [foo.PstReader] - Inbox total:11
2011-09-26 14:20:00,886 [main] INFO  [foo.PstReader] - last analyze time Fri Sep 23 14:03:04 CST 2011
2011-09-26 14:20:00,979 [main] INFO  [foo.PstReader] - add email:search
2011-09-26 14:20:00,995 [main] INFO  [foo.PstReader] - add email:FW: Outing final name list and price.
2011-09-26 14:20:01,011 [main] INFO  [foo.PstReader] - add email:RE: Outing final name list and price.
2011-09-26 14:20:01,011 [main] INFO  [foo.PstReader] - add email:FW: Outing will be start from this weekend~
2011-09-26 14:20:01,026 [main] INFO  [foo.PstReader] - add email:test
2011-09-26 14:20:01,042 [main] INFO  [foo.PstReader] - add email:test2
2011-09-26 14:20:01,058 [main] INFO  [foo.PstReader] - add email:test1
2011-09-26 14:20:01,058 [main] INFO  [foo.PstReader] - add email:165
2011-09-26 14:20:01,058 [main] INFO  [foo.PstReader] - Inbox total:11
2011-09-26 14:20:20,307 [main] INFO  [foo.PstReader] - last analyze time Fri Sep 23 14:03:04 CST 2011
2011-09-26 14:20:20,448 [main] INFO  [foo.PstReader] - add email:test
2011-09-26 14:20:20,464 [main] INFO  [foo.PstReader] - add email:test2
2011-09-26 14:20:20,464 [main] INFO  [foo.PstReader] - add email:test1
2011-09-26 14:20:20,479 [main] INFO  [foo.PstReader] - Inbox total:11
2011-09-26 14:20:33,630 [main] INFO  [foo.PstReader] - last analyze time Fri Sep 23 14:03:04 CST 2011
2011-09-26 14:20:33,771 [main] INFO  [foo.PstReader] - add email:test1
2011-09-26 14:20:33,787 [main] INFO  [foo.PstReader] - Inbox total:11
2011-09-26 14:20:50,221 [main] INFO  [foo.PstReader] - last analyze time Fri Sep 23 14:03:04 CST 2011
2011-09-26 14:20:50,425 [main] INFO  [foo.PstReader] - add email:test1
2011-09-26 14:20:50,440 [main] INFO  [foo.PstReader] - Inbox total:11
2011-09-26 14:22:39,291 [main] INFO  [foo.PstReader] - last analyze time Fri Sep 23 14:03:04 CST 2011
2011-09-26 14:22:39,401 [main] INFO  [foo.PstReader] - add email:test1
2011-09-26 14:22:39,401 [main] INFO  [foo.PstReader] - Inbox total:6
2011-09-26 14:23:40,293 [main] INFO  [foo.PstReader] - last analyze time Fri Sep 23 14:03:04 CST 2011
2011-09-26 14:23:40,386 [main] INFO  [foo.PstReader] - add email:test1
2011-09-26 14:23:40,402 [main] INFO  [foo.PstReader] - Inbox total:6
2011-09-26 14:23:51,065 [main] INFO  [foo.PstReader] - last analyze time Fri Sep 23 14:03:04 CST 2011
2011-09-26 14:23:51,174 [main] INFO  [foo.PstReader] - add email:test1
2011-09-26 14:23:51,190 [main] INFO  [foo.PstReader] - Inbox total:6
2011-09-26 15:16:31,615 [main] INFO  [foo.PstReader] - last analyze time Fri Sep 23 14:03:04 CST 2011
2011-09-26 15:16:31,724 [main] INFO  [foo.PstReader] - add email:test1
2011-09-26 15:16:31,724 [main] INFO  [foo.PstReader] - Inbox total:6
